<?xml version="1.0" encoding="UTF-8"?>
<testng-results ignored="0" total="2" passed="2" failed="0" skipped="0">
  <reporter-output>
  </reporter-output>
  <suite started-at="2022-08-14T18:21:51 IST" name="Suite" finished-at="2022-08-14T18:22:53 IST" duration-ms="62004">
    <groups>
    </groups>
    <test started-at="2022-08-14T18:21:51 IST" name="Test" finished-at="2022-08-14T18:22:53 IST" duration-ms="62004">
      <class name="com.testVagrant.testLayer.VerifyReleaseDateTest">
        <test-method is-config="true" signature="setUp()[pri:0, instance:com.testVagrant.testLayer.VerifyReleaseDateTest@2c767a52]" started-at="2022-08-14T18:22:25 IST" name="setUp" finished-at="2022-08-14T18:22:35 IST" duration-ms="10368" status="PASS">
          <reporter-output>
          </reporter-output>
        </test-method> <!-- setUp -->
        <test-method signature="compareReleaseDate()[pri:0, instance:com.testVagrant.testLayer.VerifyReleaseDateTest@2c767a52]" started-at="2022-08-14T18:22:35 IST" name="compareReleaseDate" finished-at="2022-08-14T18:22:52 IST" duration-ms="17160" status="PASS">
          <reporter-output>
          </reporter-output>
        </test-method> <!-- compareReleaseDate -->
        <test-method is-config="true" signature="tearDown()[pri:0, instance:com.testVagrant.testLayer.VerifyReleaseDateTest@2c767a52]" started-at="2022-08-14T18:22:52 IST" name="tearDown" finished-at="2022-08-14T18:22:53 IST" duration-ms="505" status="PASS">
          <reporter-output>
          </reporter-output>
        </test-method> <!-- tearDown -->
      </class> <!-- com.testVagrant.testLayer.VerifyReleaseDateTest -->
      <class name="com.testVagrant.testLayer.VerifyCountryTest">
        <test-method is-config="true" signature="setUp()[pri:0, instance:com.testVagrant.testLayer.VerifyCountryTest@6a400542]" started-at="2022-08-14T18:21:51 IST" name="setUp" finished-at="2022-08-14T18:22:12 IST" duration-ms="21204" status="PASS">
          <reporter-output>
          </reporter-output>
        </test-method> <!-- setUp -->
        <test-method signature="compareCountry()[pri:0, instance:com.testVagrant.testLayer.VerifyCountryTest@6a400542]" started-at="2022-08-14T18:22:12 IST" name="compareCountry" finished-at="2022-08-14T18:22:24 IST" duration-ms="12249" status="PASS">
          <reporter-output>
          </reporter-output>
        </test-method> <!-- compareCountry -->
        <test-method is-config="true" signature="tearDown()[pri:0, instance:com.testVagrant.testLayer.VerifyCountryTest@6a400542]" started-at="2022-08-14T18:22:24 IST" name="tearDown" finished-at="2022-08-14T18:22:25 IST" duration-ms="450" status="PASS">
          <reporter-output>
          </reporter-output>
        </test-method> <!-- tearDown -->
      </class> <!-- com.testVagrant.testLayer.VerifyCountryTest -->
    </test> <!-- Test -->
  </suite> <!-- Suite -->
</testng-results>
