<?xml version="1.0" encoding="UTF-8"?>
<testng-results ignored="0" total="2" passed="2" failed="0" skipped="0">
  <reporter-output>
  </reporter-output>
  <suite started-at="2022-08-11T18:01:31 IST" name="Suite" finished-at="2022-08-11T18:02:19 IST" duration-ms="48018">
    <groups>
    </groups>
    <test started-at="2022-08-11T18:01:31 IST" name="Test" finished-at="2022-08-11T18:02:19 IST" duration-ms="48018">
      <class name="com.testVagrant.testLayer.VerifyReleaseDateTest">
        <test-method is-config="true" signature="setUp()[pri:0, instance:com.testVagrant.testLayer.VerifyReleaseDateTest@2c767a52]" started-at="2022-08-11T18:01:54 IST" name="setUp" finished-at="2022-08-11T18:02:03 IST" duration-ms="8898" status="PASS">
          <reporter-output>
          </reporter-output>
        </test-method> <!-- setUp -->
        <test-method signature="compareReleaseDate()[pri:0, instance:com.testVagrant.testLayer.VerifyReleaseDateTest@2c767a52]" started-at="2022-08-11T18:02:03 IST" name="compareReleaseDate" finished-at="2022-08-11T18:02:19 IST" duration-ms="15598" status="PASS">
          <reporter-output>
          </reporter-output>
        </test-method> <!-- compareReleaseDate -->
        <test-method is-config="true" signature="tearDown()[pri:0, instance:com.testVagrant.testLayer.VerifyReleaseDateTest@2c767a52]" started-at="2022-08-11T18:02:19 IST" name="tearDown" finished-at="2022-08-11T18:02:19 IST" duration-ms="347" status="PASS">
          <reporter-output>
          </reporter-output>
        </test-method> <!-- tearDown -->
      </class> <!-- com.testVagrant.testLayer.VerifyReleaseDateTest -->
      <class name="com.testVagrant.testLayer.VerifyCountryTest">
        <test-method is-config="true" signature="setUp()[pri:0, instance:com.testVagrant.testLayer.VerifyCountryTest@6a400542]" started-at="2022-08-11T18:01:31 IST" name="setUp" finished-at="2022-08-11T18:01:43 IST" duration-ms="11570" status="PASS">
          <reporter-output>
          </reporter-output>
        </test-method> <!-- setUp -->
        <test-method signature="compareCountry()[pri:0, instance:com.testVagrant.testLayer.VerifyCountryTest@6a400542]" started-at="2022-08-11T18:01:43 IST" name="compareCountry" finished-at="2022-08-11T18:01:54 IST" duration-ms="11040" status="PASS">
          <reporter-output>
          </reporter-output>
        </test-method> <!-- compareCountry -->
        <test-method is-config="true" signature="tearDown()[pri:0, instance:com.testVagrant.testLayer.VerifyCountryTest@6a400542]" started-at="2022-08-11T18:01:54 IST" name="tearDown" finished-at="2022-08-11T18:01:54 IST" duration-ms="490" status="PASS">
          <reporter-output>
          </reporter-output>
        </test-method> <!-- tearDown -->
      </class> <!-- com.testVagrant.testLayer.VerifyCountryTest -->
    </test> <!-- Test -->
  </suite> <!-- Suite -->
</testng-results>
