<?xml version="1.0" encoding="UTF-8"?>
<!-- Generated by org.testng.reporters.JUnitXMLReporter -->
<testsuite ignored="1" hostname="DESKTOP-1SPCNEB" failures="0" tests="1" name="Default test" time="26.486" errors="0" timestamp="2022-08-11T17:44:43 IST">
  <testcase classname="testLayer.MovieTest" name="compareReleaseDate" time="14.999"/>
  <testcase classname="testLayer.MovieTest" name="compareCountry" time="0.0">
    <ignored/>
  </testcase> <!-- compareCountry -->
</testsuite> <!-- Default test -->
